INFO [2024-05-28 17:52:20] [[1]]
INFO [2024-05-28 17:52:20] list(R20Pau_LOSS = ELONG$SYMBOL, ERGPau_LOSS = ELONGerg$SYMBOL, 
INFO [2024-05-28 17:52:20]     ERG_PE = mat_dBGI06_2b_1$SYMBOL, EST1_PE = mat_EST1_2b_1$SYMBOL)
INFO [2024-05-28 17:52:20] 
INFO [2024-05-28 17:52:20] [[2]]
INFO [2024-05-28 17:52:20] D0
INFO [2024-05-28 17:52:20] 
INFO [2024-05-28 17:52:20] $col
INFO [2024-05-28 17:52:20] [1] "transparent"
INFO [2024-05-28 17:52:20] 
INFO [2024-05-28 17:52:20] $fill
INFO [2024-05-28 17:52:20] c("#f4cae4", "#C8E4EB", "#ef8a62", "darkgrey")
INFO [2024-05-28 17:52:20] 
INFO [2024-05-28 17:52:20] $alpha
INFO [2024-05-28 17:52:20] TT
INFO [2024-05-28 17:52:20] 
INFO [2024-05-28 17:52:20] $label.col
INFO [2024-05-28 17:52:20] COL11
INFO [2024-05-28 17:52:20] 
INFO [2024-05-28 17:52:20] $cex
INFO [2024-05-28 17:52:20] [1] 1
INFO [2024-05-28 17:52:20] 
INFO [2024-05-28 17:52:20] $fontfamily
INFO [2024-05-28 17:52:20] [1] "serif"
INFO [2024-05-28 17:52:20] 
INFO [2024-05-28 17:52:20] $fontface
INFO [2024-05-28 17:52:20] [1] "bold"
INFO [2024-05-28 17:52:20] 
INFO [2024-05-28 17:52:20] $cat.col
INFO [2024-05-28 17:52:20] c("black", "black", "black", "black")
INFO [2024-05-28 17:52:20] 
INFO [2024-05-28 17:52:20] $cat.cex
INFO [2024-05-28 17:52:20] [1] 0.75
INFO [2024-05-28 17:52:20] 
INFO [2024-05-28 17:52:20] $cat.pos
INFO [2024-05-28 17:52:20] [1] 0
INFO [2024-05-28 17:52:20] 
INFO [2024-05-28 17:52:20] $cat.dist
INFO [2024-05-28 17:52:20] LL
INFO [2024-05-28 17:52:20] 
INFO [2024-05-28 17:52:20] $cat.fontfamily
INFO [2024-05-28 17:52:20] [1] "serif"
INFO [2024-05-28 17:52:20] 
INFO [2024-05-28 17:52:20] $rotation.degree
INFO [2024-05-28 17:52:20] [1] 180
INFO [2024-05-28 17:52:20] 
INFO [2024-05-28 17:52:20] $margin
INFO [2024-05-28 17:52:20] MM
INFO [2024-05-28 17:52:20] 
INFO [2024-05-28 17:52:20] $print.mode
INFO [2024-05-28 17:52:20] [1] "raw"
INFO [2024-05-28 17:52:20] 
INFO [2024-05-28 17:52:20] $hyper.test
INFO [2024-05-28 17:52:20] T
INFO [2024-05-28 17:52:20] 
INFO [2024-05-28 17:52:20] $resolution
INFO [2024-05-28 17:52:20] [1] 600
INFO [2024-05-28 17:52:20] 
INFO [2024-05-28 17:52:20] $main
INFO [2024-05-28 17:52:20] D0
INFO [2024-05-28 17:52:20] 
INFO [2024-05-28 17:52:20] $main.cex
INFO [2024-05-28 17:52:20] [1] 1
INFO [2024-05-28 17:52:20] 
INFO [2024-05-28 17:52:20] $main.pos
INFO [2024-05-28 17:52:20] PP
INFO [2024-05-28 17:52:20] 
