INFO [2024-05-28 17:52:21] [[1]]
INFO [2024-05-28 17:52:21] list(R20Pau_GAIN = PAUS$SYMBOL, ERGPau_GAIN = PAUSerg$SYMBOL, 
INFO [2024-05-28 17:52:21]     ERG_PE = mat_dBGI06_2b_1$SYMBOL, EST1_PE = mat_EST1_2b_1$SYMBOL)
INFO [2024-05-28 17:52:21] 
INFO [2024-05-28 17:52:21] [[2]]
INFO [2024-05-28 17:52:21] D2
INFO [2024-05-28 17:52:21] 
INFO [2024-05-28 17:52:21] $col
INFO [2024-05-28 17:52:21] [1] "transparent"
INFO [2024-05-28 17:52:21] 
INFO [2024-05-28 17:52:21] $fill
INFO [2024-05-28 17:52:21] c(upcol, "#332288", "#ef8a62", "darkgrey")
INFO [2024-05-28 17:52:21] 
INFO [2024-05-28 17:52:21] $alpha
INFO [2024-05-28 17:52:21] TT
INFO [2024-05-28 17:52:21] 
INFO [2024-05-28 17:52:21] $label.col
INFO [2024-05-28 17:52:21] COL11
INFO [2024-05-28 17:52:21] 
INFO [2024-05-28 17:52:21] $cex
INFO [2024-05-28 17:52:21] [1] 1.5
INFO [2024-05-28 17:52:21] 
INFO [2024-05-28 17:52:21] $fontfamily
INFO [2024-05-28 17:52:21] [1] "serif"
INFO [2024-05-28 17:52:21] 
INFO [2024-05-28 17:52:21] $fontface
INFO [2024-05-28 17:52:21] [1] "bold"
INFO [2024-05-28 17:52:21] 
INFO [2024-05-28 17:52:21] $cat.col
INFO [2024-05-28 17:52:21] c("#ef8a62", "#ef8a62", "black", "black")
INFO [2024-05-28 17:52:21] 
INFO [2024-05-28 17:52:21] $cat.cex
INFO [2024-05-28 17:52:21] [1] 0.75
INFO [2024-05-28 17:52:21] 
INFO [2024-05-28 17:52:21] $cat.pos
INFO [2024-05-28 17:52:21] [1] 0
INFO [2024-05-28 17:52:21] 
INFO [2024-05-28 17:52:21] $cat.dist
INFO [2024-05-28 17:52:21] LL
INFO [2024-05-28 17:52:21] 
INFO [2024-05-28 17:52:21] $cat.fontfamily
INFO [2024-05-28 17:52:21] [1] "serif"
INFO [2024-05-28 17:52:21] 
INFO [2024-05-28 17:52:21] $rotation.degree
INFO [2024-05-28 17:52:21] [1] 180
INFO [2024-05-28 17:52:21] 
INFO [2024-05-28 17:52:21] $margin
INFO [2024-05-28 17:52:21] MM
INFO [2024-05-28 17:52:21] 
INFO [2024-05-28 17:52:21] $print.mode
INFO [2024-05-28 17:52:21] [1] "raw"
INFO [2024-05-28 17:52:21] 
INFO [2024-05-28 17:52:21] $hyper.test
INFO [2024-05-28 17:52:21] T
INFO [2024-05-28 17:52:21] 
INFO [2024-05-28 17:52:21] $resolution
INFO [2024-05-28 17:52:21] [1] 600
INFO [2024-05-28 17:52:21] 
INFO [2024-05-28 17:52:21] $main
INFO [2024-05-28 17:52:21] D0
INFO [2024-05-28 17:52:21] 
INFO [2024-05-28 17:52:21] $main.cex
INFO [2024-05-28 17:52:21] [1] 1
INFO [2024-05-28 17:52:21] 
INFO [2024-05-28 17:52:21] $main.pos
INFO [2024-05-28 17:52:21] PP
INFO [2024-05-28 17:52:21] 
